{"/home/sowmyg/blinklist/src/Atoms/ProgressBar.tsx": {"path":"/home/sowmyg/blinklist/src/Atoms/ProgressBar.tsx","statementMap":{"0":{"start":{"line":6,"column":16},"end":{"line":26,"column":2}},"1":{"start":{"line":27,"column":49},"end":{"line":36,"column":1}},"2":{"start":{"line":29,"column":18},"end":{"line":29,"column":29}},"3":{"start":{"line":30,"column":4},"end":{"line":35,"column":6}}},"fnMap":{"0":{"name":"(anonymous_0)","decl":{"start":{"line":27,"column":49},"end":{"line":27,"column":50}},"loc":{"start":{"line":28,"column":0},"end":{"line":36,"column":1}},"line":28}},"branchMap":{},"s":{"0":1,"1":1,"2":0,"3":0},"f":{"0":0},"b":{},"_coverageSchema":"1a1c01bbd47fc00a2c39e90264f33305004495a9","hash":"7eff9e411f267a26b3205a6ac13e400c2b4a7a45"}
,"/home/sowmyg/blinklist/src/Atoms/Avatar/MyAvatar.tsx": {"path":"/home/sowmyg/blinklist/src/Atoms/Avatar/MyAvatar.tsx","statementMap":{"0":{"start":{"line":5,"column":16},"end":{"line":13,"column":2}},"1":{"start":{"line":19,"column":46},"end":{"line":31,"column":1}},"2":{"start":{"line":21,"column":18},"end":{"line":21,"column":29}},"3":{"start":{"line":23,"column":4},"end":{"line":30,"column":6}}},"fnMap":{"0":{"name":"(anonymous_0)","decl":{"start":{"line":19,"column":46},"end":{"line":19,"column":47}},"loc":{"start":{"line":19,"column":55},"end":{"line":31,"column":1}},"line":19}},"branchMap":{},"s":{"0":3,"1":3,"2":2,"3":2},"f":{"0":2},"b":{},"_coverageSchema":"1a1c01bbd47fc00a2c39e90264f33305004495a9","hash":"f264a720fe4752e7667c3b8c103e25691af4c7bd"}
,"/home/sowmyg/blinklist/src/Atoms/Blinklistlogo/Blinklistlogo.tsx": {"path":"/home/sowmyg/blinklist/src/Atoms/Blinklistlogo/Blinklistlogo.tsx","statementMap":{"0":{"start":{"line":6,"column":16},"end":{"line":17,"column":2}},"1":{"start":{"line":23,"column":51},"end":{"line":34,"column":1}},"2":{"start":{"line":26,"column":18},"end":{"line":26,"column":29}},"3":{"start":{"line":28,"column":4},"end":{"line":33,"column":6}}},"fnMap":{"0":{"name":"(anonymous_0)","decl":{"start":{"line":23,"column":51},"end":{"line":23,"column":52}},"loc":{"start":{"line":24,"column":0},"end":{"line":34,"column":1}},"line":24}},"branchMap":{},"s":{"0":4,"1":4,"2":0,"3":0},"f":{"0":0},"b":{},"_coverageSchema":"1a1c01bbd47fc00a2c39e90264f33305004495a9","hash":"f32521404a6c420105e4b8c16d3e8af9934a916d"}
,"/home/sowmyg/blinklist/src/Atoms/MylibraryTitle/MyLibraryTitle.tsx": {"path":"/home/sowmyg/blinklist/src/Atoms/MylibraryTitle/MyLibraryTitle.tsx","statementMap":{"0":{"start":{"line":6,"column":16},"end":{"line":23,"column":2}},"1":{"start":{"line":25,"column":45},"end":{"line":37,"column":1}},"2":{"start":{"line":27,"column":18},"end":{"line":27,"column":29}},"3":{"start":{"line":29,"column":4},"end":{"line":36,"column":6}}},"fnMap":{"0":{"name":"(anonymous_0)","decl":{"start":{"line":25,"column":45},"end":{"line":25,"column":46}},"loc":{"start":{"line":26,"column":0},"end":{"line":37,"column":1}},"line":26}},"branchMap":{},"s":{"0":1,"1":1,"2":1,"3":1},"f":{"0":1},"b":{},"_coverageSchema":"1a1c01bbd47fc00a2c39e90264f33305004495a9","hash":"f625bd3319caf24412a178469171c4a899735c4f"}
,"/home/sowmyg/blinklist/src/Atoms/PlusIcon/PlusIcon.tsx": {"path":"/home/sowmyg/blinklist/src/Atoms/PlusIcon/PlusIcon.tsx","statementMap":{"0":{"start":{"line":5,"column":18},"end":{"line":17,"column":2}},"1":{"start":{"line":24,"column":46},"end":{"line":35,"column":1}},"2":{"start":{"line":27,"column":18},"end":{"line":27,"column":29}},"3":{"start":{"line":28,"column":4},"end":{"line":34,"column":6}}},"fnMap":{"0":{"name":"(anonymous_0)","decl":{"start":{"line":24,"column":46},"end":{"line":24,"column":47}},"loc":{"start":{"line":25,"column":0},"end":{"line":35,"column":1}},"line":25}},"branchMap":{"0":{"loc":{"start":{"line":32,"column":56},"end":{"line":32,"column":90}},"type":"cond-expr","locations":[{"start":{"line":32,"column":72},"end":{"line":32,"column":87}},{"start":{"line":32,"column":88},"end":{"line":32,"column":90}}],"line":32}},"s":{"0":1,"1":1,"2":0,"3":0},"f":{"0":0},"b":{"0":[0,0]},"_coverageSchema":"1a1c01bbd47fc00a2c39e90264f33305004495a9","hash":"2d5c8daea37c12b2e489897b4def41e260bb3364"}
,"/home/sowmyg/blinklist/src/Atoms/Searchicon/MySearchicon.tsx": {"path":"/home/sowmyg/blinklist/src/Atoms/Searchicon/MySearchicon.tsx","statementMap":{"0":{"start":{"line":7,"column":16},"end":{"line":20,"column":2}},"1":{"start":{"line":24,"column":50},"end":{"line":35,"column":1}},"2":{"start":{"line":27,"column":18},"end":{"line":27,"column":29}},"3":{"start":{"line":28,"column":4},"end":{"line":32,"column":6}}},"fnMap":{"0":{"name":"(anonymous_0)","decl":{"start":{"line":24,"column":50},"end":{"line":24,"column":51}},"loc":{"start":{"line":25,"column":0},"end":{"line":35,"column":1}},"line":25}},"branchMap":{},"s":{"0":2,"1":2,"2":0,"3":0},"f":{"0":0},"b":{},"_coverageSchema":"1a1c01bbd47fc00a2c39e90264f33305004495a9","hash":"0c610305ce9946f0161e7b671091db01d2614dbe"}
,"/home/sowmyg/blinklist/src/Atoms/Tabs/MyTabs.tsx": {"path":"/home/sowmyg/blinklist/src/Atoms/Tabs/MyTabs.tsx","statementMap":{"0":{"start":{"line":9,"column":14},"end":{"line":15,"column":4}},"1":{"start":{"line":18,"column":16},"end":{"line":30,"column":2}},"2":{"start":{"line":36,"column":44},"end":{"line":89,"column":1}},"3":{"start":{"line":38,"column":26},"end":{"line":38,"column":37}},"4":{"start":{"line":42,"column":22},"end":{"line":45,"column":4}},"5":{"start":{"line":44,"column":8},"end":{"line":44,"column":27}},"6":{"start":{"line":49,"column":17},"end":{"line":49,"column":28}},"7":{"start":{"line":52,"column":4},"end":{"line":88,"column":6}}},"fnMap":{"0":{"name":"(anonymous_0)","decl":{"start":{"line":36,"column":44},"end":{"line":36,"column":45}},"loc":{"start":{"line":37,"column":0},"end":{"line":89,"column":1}},"line":37},"1":{"name":"(anonymous_1)","decl":{"start":{"line":42,"column":22},"end":{"line":42,"column":23}},"loc":{"start":{"line":43,"column":3},"end":{"line":45,"column":4}},"line":43}},"branchMap":{"0":{"loc":{"start":{"line":72,"column":9},"end":{"line":72,"column":68}},"type":"binary-expr","locations":[{"start":{"line":72,"column":9},"end":{"line":72,"column":18}},{"start":{"line":72,"column":23},"end":{"line":72,"column":68}}],"line":72},"1":{"loc":{"start":{"line":74,"column":9},"end":{"line":74,"column":74}},"type":"binary-expr","locations":[{"start":{"line":74,"column":9},"end":{"line":74,"column":18}},{"start":{"line":74,"column":22},"end":{"line":74,"column":74}}],"line":74}},"s":{"0":1,"1":1,"2":1,"3":0,"4":0,"5":0,"6":0,"7":0},"f":{"0":0,"1":0},"b":{"0":[0,0],"1":[0,0]},"_coverageSchema":"1a1c01bbd47fc00a2c39e90264f33305004495a9","hash":"8525e063e0d15699ea2801a2e9af45799342a9e3"}
,"/home/sowmyg/blinklist/src/Atoms/UserIcon/UserIcon.tsx": {"path":"/home/sowmyg/blinklist/src/Atoms/UserIcon/UserIcon.tsx","statementMap":{"0":{"start":{"line":8,"column":48},"end":{"line":17,"column":1}},"1":{"start":{"line":10,"column":4},"end":{"line":15,"column":6}}},"fnMap":{"0":{"name":"(anonymous_0)","decl":{"start":{"line":8,"column":48},"end":{"line":8,"column":49}},"loc":{"start":{"line":9,"column":0},"end":{"line":17,"column":1}},"line":9}},"branchMap":{},"s":{"0":5,"1":9},"f":{"0":9},"b":{},"_coverageSchema":"1a1c01bbd47fc00a2c39e90264f33305004495a9","hash":"b5a8961ca2fff2d6a55e08b507ce0ed1b89a12cb"}
,"/home/sowmyg/blinklist/src/Molecules/BookCard/BookCard.stories.tsx": {"path":"/home/sowmyg/blinklist/src/Molecules/BookCard/BookCard.stories.tsx","statementMap":{"0":{"start":{"line":18,"column":20},"end":{"line":24,"column":1}},"1":{"start":{"line":20,"column":4},"end":{"line":23,"column":6}},"2":{"start":{"line":20,"column":134},"end":{"line":20,"column":146}},"3":{"start":{"line":28,"column":51},"end":{"line":52,"column":11}},"4":{"start":{"line":29,"column":0},"end":{"line":52,"column":11}},"5":{"start":{"line":54,"column":31},"end":{"line":54,"column":48}},"6":{"start":{"line":55,"column":0},"end":{"line":61,"column":2}},"7":{"start":{"line":63,"column":52},"end":{"line":66,"column":11}},"8":{"start":{"line":64,"column":0},"end":{"line":66,"column":11}},"9":{"start":{"line":68,"column":28},"end":{"line":68,"column":46}},"10":{"start":{"line":69,"column":0},"end":{"line":75,"column":2}}},"fnMap":{"0":{"name":"(anonymous_0)","decl":{"start":{"line":18,"column":20},"end":{"line":18,"column":21}},"loc":{"start":{"line":18,"column":25},"end":{"line":24,"column":1}},"line":18},"1":{"name":"(anonymous_1)","decl":{"start":{"line":20,"column":28},"end":{"line":20,"column":29}},"loc":{"start":{"line":20,"column":134},"end":{"line":20,"column":146}},"line":20},"2":{"name":"(anonymous_2)","decl":{"start":{"line":28,"column":51},"end":{"line":28,"column":52}},"loc":{"start":{"line":29,"column":0},"end":{"line":52,"column":11}},"line":29},"3":{"name":"(anonymous_3)","decl":{"start":{"line":63,"column":52},"end":{"line":63,"column":53}},"loc":{"start":{"line":64,"column":0},"end":{"line":66,"column":11}},"line":64}},"branchMap":{"0":{"loc":{"start":{"line":20,"column":4},"end":{"line":23,"column":5}},"type":"binary-expr","locations":[{"start":{"line":20,"column":4},"end":{"line":20,"column":158}},{"start":{"line":21,"column":8},"end":{"line":23,"column":5}}],"line":20}},"s":{"0":1,"1":0,"2":0,"3":1,"4":0,"5":1,"6":1,"7":1,"8":0,"9":1,"10":1},"f":{"0":0,"1":0,"2":0,"3":0},"b":{"0":[0,0]},"_coverageSchema":"1a1c01bbd47fc00a2c39e90264f33305004495a9","hash":"b1e1125e71a6ec150fe0d76ca5af54a467e592ea"}
,"/home/sowmyg/blinklist/src/Molecules/BookCard/BookCard.tsx": {"path":"/home/sowmyg/blinklist/src/Molecules/BookCard/BookCard.tsx","statementMap":{"0":{"start":{"line":8,"column":12},"end":{"line":17,"column":2}},"1":{"start":{"line":21,"column":16},"end":{"line":128,"column":6}},"2":{"start":{"line":140,"column":46},"end":{"line":178,"column":1}},"3":{"start":{"line":142,"column":18},"end":{"line":142,"column":29}},"4":{"start":{"line":143,"column":4},"end":{"line":177,"column":6}}},"fnMap":{"0":{"name":"(anonymous_0)","decl":{"start":{"line":140,"column":46},"end":{"line":140,"column":47}},"loc":{"start":{"line":141,"column":0},"end":{"line":178,"column":1}},"line":141}},"branchMap":{},"s":{"0":1,"1":1,"2":1,"3":0,"4":0},"f":{"0":0},"b":{},"_coverageSchema":"1a1c01bbd47fc00a2c39e90264f33305004495a9","hash":"41c0510a24629eebf8eb8a8c49a4fe5f797aefd5"}
,"/home/sowmyg/blinklist/src/Molecules/BookCard/CurrentCard.tsx": {"path":"/home/sowmyg/blinklist/src/Molecules/BookCard/CurrentCard.tsx","statementMap":{"0":{"start":{"line":11,"column":12},"end":{"line":20,"column":2}},"1":{"start":{"line":24,"column":16},"end":{"line":132,"column":6}},"2":{"start":{"line":147,"column":49},"end":{"line":230,"column":1}},"3":{"start":{"line":149,"column":18},"end":{"line":149,"column":29}},"4":{"start":{"line":150,"column":24},"end":{"line":170,"column":5}},"5":{"start":{"line":152,"column":8},"end":{"line":169,"column":9}},"6":{"start":{"line":154,"column":24},"end":{"line":154,"column":167}},"7":{"start":{"line":154,"column":154},"end":{"line":154,"column":166}},"8":{"start":{"line":155,"column":12},"end":{"line":155,"column":43}},"9":{"start":{"line":156,"column":24},"end":{"line":156,"column":89}},"10":{"start":{"line":156,"column":76},"end":{"line":156,"column":88}},"11":{"start":{"line":157,"column":12},"end":{"line":157,"column":45}},"12":{"start":{"line":158,"column":12},"end":{"line":158,"column":29}},"13":{"start":{"line":163,"column":24},"end":{"line":163,"column":91}},"14":{"start":{"line":163,"column":72},"end":{"line":163,"column":90}},"15":{"start":{"line":164,"column":12},"end":{"line":164,"column":44}},"16":{"start":{"line":165,"column":24},"end":{"line":165,"column":94}},"17":{"start":{"line":165,"column":75},"end":{"line":165,"column":93}},"18":{"start":{"line":166,"column":12},"end":{"line":166,"column":44}},"19":{"start":{"line":167,"column":12},"end":{"line":167,"column":29}},"20":{"start":{"line":171,"column":4},"end":{"line":229,"column":6}},"21":{"start":{"line":199,"column":50},"end":{"line":199,"column":77}}},"fnMap":{"0":{"name":"(anonymous_0)","decl":{"start":{"line":147,"column":49},"end":{"line":147,"column":50}},"loc":{"start":{"line":148,"column":0},"end":{"line":230,"column":1}},"line":148},"1":{"name":"(anonymous_1)","decl":{"start":{"line":150,"column":24},"end":{"line":150,"column":25}},"loc":{"start":{"line":151,"column":4},"end":{"line":170,"column":5}},"line":151},"2":{"name":"(anonymous_2)","decl":{"start":{"line":154,"column":48},"end":{"line":154,"column":49}},"loc":{"start":{"line":154,"column":154},"end":{"line":154,"column":166}},"line":154},"3":{"name":"(anonymous_3)","decl":{"start":{"line":156,"column":51},"end":{"line":156,"column":52}},"loc":{"start":{"line":156,"column":76},"end":{"line":156,"column":88}},"line":156},"4":{"name":"(anonymous_4)","decl":{"start":{"line":163,"column":47},"end":{"line":163,"column":48}},"loc":{"start":{"line":163,"column":72},"end":{"line":163,"column":90}},"line":163},"5":{"name":"(anonymous_5)","decl":{"start":{"line":165,"column":50},"end":{"line":165,"column":51}},"loc":{"start":{"line":165,"column":75},"end":{"line":165,"column":93}},"line":165},"6":{"name":"(anonymous_6)","decl":{"start":{"line":199,"column":41},"end":{"line":199,"column":42}},"loc":{"start":{"line":199,"column":50},"end":{"line":199,"column":77}},"line":199}},"branchMap":{"0":{"loc":{"start":{"line":152,"column":8},"end":{"line":169,"column":9}},"type":"if","locations":[{"start":{"line":152,"column":8},"end":{"line":169,"column":9}},{"start":{"line":162,"column":8},"end":{"line":169,"column":9}}],"line":152}},"s":{"0":4,"1":4,"2":4,"3":5,"4":4,"5":0,"6":0,"7":0,"8":0,"9":0,"10":0,"11":0,"12":0,"13":0,"14":0,"15":0,"16":0,"17":0,"18":0,"19":0,"20":4,"21":0},"f":{"0":5,"1":0,"2":0,"3":0,"4":0,"5":0,"6":0},"b":{"0":[0,0]},"_coverageSchema":"1a1c01bbd47fc00a2c39e90264f33305004495a9","hash":"36328a0a95536250576f61dafc2824cc3e860e78"}
,"/home/sowmyg/blinklist/src/Molecules/Category/Category.tsx": {"path":"/home/sowmyg/blinklist/src/Molecules/Category/Category.tsx","statementMap":{"0":{"start":{"line":13,"column":16},"end":{"line":36,"column":2}},"1":{"start":{"line":38,"column":47},"end":{"line":72,"column":1}},"2":{"start":{"line":41,"column":18},"end":{"line":41,"column":29}},"3":{"start":{"line":42,"column":4},"end":{"line":71,"column":6}}},"fnMap":{"0":{"name":"(anonymous_0)","decl":{"start":{"line":38,"column":47},"end":{"line":38,"column":48}},"loc":{"start":{"line":39,"column":0},"end":{"line":72,"column":1}},"line":39}},"branchMap":{},"s":{"0":3,"1":3,"2":0,"3":0},"f":{"0":0},"b":{},"_coverageSchema":"1a1c01bbd47fc00a2c39e90264f33305004495a9","hash":"4e027f5a778551eba9b62bfca9159e5ff3baad97"}
,"/home/sowmyg/blinklist/src/Organisms/AppBar/MyAppBar.tsx": {"path":"/home/sowmyg/blinklist/src/Organisms/AppBar/MyAppBar.tsx","statementMap":{"0":{"start":{"line":17,"column":16},"end":{"line":143,"column":2}},"1":{"start":{"line":153,"column":46},"end":{"line":271,"column":1}},"2":{"start":{"line":156,"column":18},"end":{"line":156,"column":29}},"3":{"start":{"line":157,"column":29},"end":{"line":157,"column":40}},"4":{"start":{"line":160,"column":24},"end":{"line":163,"column":5}},"5":{"start":{"line":162,"column":7},"end":{"line":162,"column":20}},"6":{"start":{"line":165,"column":66},"end":{"line":169,"column":5}},"7":{"start":{"line":167,"column":7},"end":{"line":167,"column":20}},"8":{"start":{"line":168,"column":7},"end":{"line":168,"column":27}},"9":{"start":{"line":176,"column":4},"end":{"line":270,"column":6}},"10":{"start":{"line":198,"column":78},"end":{"line":198,"column":126}},"11":{"start":{"line":217,"column":48},"end":{"line":217,"column":72}}},"fnMap":{"0":{"name":"(anonymous_0)","decl":{"start":{"line":153,"column":46},"end":{"line":153,"column":47}},"loc":{"start":{"line":154,"column":0},"end":{"line":271,"column":1}},"line":154},"1":{"name":"(anonymous_1)","decl":{"start":{"line":160,"column":24},"end":{"line":160,"column":25}},"loc":{"start":{"line":161,"column":4},"end":{"line":163,"column":5}},"line":161},"2":{"name":"(anonymous_2)","decl":{"start":{"line":165,"column":66},"end":{"line":165,"column":67}},"loc":{"start":{"line":166,"column":4},"end":{"line":169,"column":5}},"line":166},"3":{"name":"(anonymous_3)","decl":{"start":{"line":198,"column":69},"end":{"line":198,"column":70}},"loc":{"start":{"line":198,"column":78},"end":{"line":198,"column":126}},"line":198},"4":{"name":"(anonymous_4)","decl":{"start":{"line":217,"column":41},"end":{"line":217,"column":42}},"loc":{"start":{"line":217,"column":48},"end":{"line":217,"column":72}},"line":217}},"branchMap":{"0":{"loc":{"start":{"line":196,"column":10},"end":{"line":208,"column":12}},"type":"binary-expr","locations":[{"start":{"line":196,"column":10},"end":{"line":196,"column":20}},{"start":{"line":196,"column":24},"end":{"line":208,"column":12}}],"line":196},"1":{"loc":{"start":{"line":210,"column":11},"end":{"line":236,"column":38}},"type":"binary-expr","locations":[{"start":{"line":210,"column":11},"end":{"line":210,"column":21}},{"start":{"line":211,"column":11},"end":{"line":236,"column":38}}],"line":210}},"s":{"0":1,"1":1,"2":0,"3":0,"4":0,"5":0,"6":0,"7":0,"8":0,"9":0,"10":0,"11":0},"f":{"0":0,"1":0,"2":0,"3":0,"4":0},"b":{"0":[0,0],"1":[0,0]},"_coverageSchema":"1a1c01bbd47fc00a2c39e90264f33305004495a9","hash":"127034db2e5bb011624a4a683619eb8fa5020a41"}
,"/home/sowmyg/blinklist/src/Organisms/AppBarWithCategories/AppBarWithCategories.tsx": {"path":"/home/sowmyg/blinklist/src/Organisms/AppBarWithCategories/AppBarWithCategories.tsx","statementMap":{"0":{"start":{"line":14,"column":16},"end":{"line":124,"column":2}},"1":{"start":{"line":132,"column":58},"end":{"line":230,"column":1}},"2":{"start":{"line":135,"column":18},"end":{"line":135,"column":29}},"3":{"start":{"line":139,"column":4},"end":{"line":229,"column":6}},"4":{"start":{"line":167,"column":29},"end":{"line":167,"column":52}}},"fnMap":{"0":{"name":"(anonymous_0)","decl":{"start":{"line":132,"column":58},"end":{"line":132,"column":59}},"loc":{"start":{"line":133,"column":0},"end":{"line":230,"column":1}},"line":133},"1":{"name":"(anonymous_1)","decl":{"start":{"line":167,"column":24},"end":{"line":167,"column":25}},"loc":{"start":{"line":167,"column":29},"end":{"line":167,"column":52}},"line":167}},"branchMap":{},"s":{"0":1,"1":1,"2":0,"3":0,"4":0},"f":{"0":0,"1":0},"b":{},"_coverageSchema":"1a1c01bbd47fc00a2c39e90264f33305004495a9","hash":"36f3c249ef959570d1891ba8da9c07527c05bb35"}
,"/home/sowmyg/blinklist/src/Organisms/ExploreBooks/ExploreBooks.tsx": {"path":"/home/sowmyg/blinklist/src/Organisms/ExploreBooks/ExploreBooks.tsx","statementMap":{"0":{"start":{"line":6,"column":16},"end":{"line":69,"column":2}},"1":{"start":{"line":70,"column":45},"end":{"line":120,"column":1}},"2":{"start":{"line":72,"column":18},"end":{"line":72,"column":29}},"3":{"start":{"line":74,"column":5},"end":{"line":119,"column":7}}},"fnMap":{"0":{"name":"(anonymous_0)","decl":{"start":{"line":70,"column":45},"end":{"line":70,"column":46}},"loc":{"start":{"line":71,"column":0},"end":{"line":120,"column":1}},"line":71}},"branchMap":{},"s":{"0":1,"1":1,"2":0,"3":0},"f":{"0":0},"b":{},"_coverageSchema":"1a1c01bbd47fc00a2c39e90264f33305004495a9","hash":"716ad5942dd0d774a0204355ba9135acdd707902"}
,"/home/sowmyg/blinklist/src/Organisms/ExploreCategories/ExploreByCategory.tsx": {"path":"/home/sowmyg/blinklist/src/Organisms/ExploreCategories/ExploreByCategory.tsx","statementMap":{"0":{"start":{"line":10,"column":50},"end":{"line":57,"column":1}},"1":{"start":{"line":12,"column":4},"end":{"line":56,"column":6}}},"fnMap":{"0":{"name":"(anonymous_0)","decl":{"start":{"line":10,"column":50},"end":{"line":10,"column":51}},"loc":{"start":{"line":11,"column":0},"end":{"line":57,"column":1}},"line":11}},"branchMap":{},"s":{"0":2,"1":0},"f":{"0":0},"b":{},"_coverageSchema":"1a1c01bbd47fc00a2c39e90264f33305004495a9","hash":"61db83b6e26387b2a0ca48b5922ed761d80f6295"}
,"/home/sowmyg/blinklist/src/Organisms/ExploreCategories/ExploreCategories.tsx": {"path":"/home/sowmyg/blinklist/src/Organisms/ExploreCategories/ExploreCategories.tsx","statementMap":{"0":{"start":{"line":9,"column":16},"end":{"line":21,"column":2}},"1":{"start":{"line":24,"column":50},"end":{"line":78,"column":1}},"2":{"start":{"line":28,"column":18},"end":{"line":28,"column":29}},"3":{"start":{"line":32,"column":4},"end":{"line":76,"column":6}}},"fnMap":{"0":{"name":"(anonymous_0)","decl":{"start":{"line":24,"column":50},"end":{"line":24,"column":51}},"loc":{"start":{"line":25,"column":0},"end":{"line":78,"column":1}},"line":25}},"branchMap":{},"s":{"0":2,"1":2,"2":0,"3":0},"f":{"0":0},"b":{},"_coverageSchema":"1a1c01bbd47fc00a2c39e90264f33305004495a9","hash":"b732a5098b303eb23fcdf57c5820f327fb723f48"}
,"/home/sowmyg/blinklist/src/Organisms/ExploreCategories/Headers.tsx": {"path":"/home/sowmyg/blinklist/src/Organisms/ExploreCategories/Headers.tsx","statementMap":{"0":{"start":{"line":6,"column":16},"end":{"line":20,"column":2}},"1":{"start":{"line":22,"column":40},"end":{"line":50,"column":1}},"2":{"start":{"line":24,"column":18},"end":{"line":24,"column":29}},"3":{"start":{"line":25,"column":4},"end":{"line":49,"column":6}}},"fnMap":{"0":{"name":"(anonymous_0)","decl":{"start":{"line":22,"column":40},"end":{"line":22,"column":41}},"loc":{"start":{"line":23,"column":0},"end":{"line":50,"column":1}},"line":23}},"branchMap":{},"s":{"0":2,"1":2,"2":0,"3":0},"f":{"0":0},"b":{},"_coverageSchema":"1a1c01bbd47fc00a2c39e90264f33305004495a9","hash":"dba7c9750bac0c38fcd9583de7e2e4817208c1ac"}
,"/home/sowmyg/blinklist/src/Organisms/ExploreCategories/Populartitles.tsx": {"path":"/home/sowmyg/blinklist/src/Organisms/ExploreCategories/Populartitles.tsx","statementMap":{"0":{"start":{"line":11,"column":46},"end":{"line":58,"column":1}},"1":{"start":{"line":13,"column":4},"end":{"line":57,"column":6}}},"fnMap":{"0":{"name":"(anonymous_0)","decl":{"start":{"line":11,"column":46},"end":{"line":11,"column":47}},"loc":{"start":{"line":12,"column":0},"end":{"line":58,"column":1}},"line":12}},"branchMap":{},"s":{"0":2,"1":0},"f":{"0":0},"b":{},"_coverageSchema":"1a1c01bbd47fc00a2c39e90264f33305004495a9","hash":"1d3d2ef993a00096304d80ab57ccff79cc5febe0"}
,"/home/sowmyg/blinklist/src/Organisms/ExploreCategories/RecentlyAddedTitles.tsx": {"path":"/home/sowmyg/blinklist/src/Organisms/ExploreCategories/RecentlyAddedTitles.tsx","statementMap":{"0":{"start":{"line":11,"column":52},"end":{"line":57,"column":1}},"1":{"start":{"line":13,"column":4},"end":{"line":56,"column":6}}},"fnMap":{"0":{"name":"(anonymous_0)","decl":{"start":{"line":11,"column":52},"end":{"line":11,"column":53}},"loc":{"start":{"line":12,"column":0},"end":{"line":57,"column":1}},"line":12}},"branchMap":{},"s":{"0":2,"1":0},"f":{"0":0},"b":{},"_coverageSchema":"1a1c01bbd47fc00a2c39e90264f33305004495a9","hash":"b2143e465b4e71aeab79e1ad4baf88338f79ea22"}
,"/home/sowmyg/blinklist/src/Organisms/Footer/Footer.tsx": {"path":"/home/sowmyg/blinklist/src/Organisms/Footer/Footer.tsx","statementMap":{"0":{"start":{"line":10,"column":16},"end":{"line":28,"column":2}},"1":{"start":{"line":33,"column":45},"end":{"line":89,"column":1}},"2":{"start":{"line":35,"column":18},"end":{"line":35,"column":29}},"3":{"start":{"line":36,"column":4},"end":{"line":88,"column":6}}},"fnMap":{"0":{"name":"(anonymous_0)","decl":{"start":{"line":33,"column":45},"end":{"line":33,"column":46}},"loc":{"start":{"line":34,"column":0},"end":{"line":89,"column":1}},"line":34}},"branchMap":{},"s":{"0":1,"1":1,"2":0,"3":0},"f":{"0":0},"b":{},"_coverageSchema":"1a1c01bbd47fc00a2c39e90264f33305004495a9","hash":"5b5a66788c2999d6b48613a7d6d6c2df5ecf4da4"}
,"/home/sowmyg/blinklist/src/Organisms/Footer/BlinklistAndIdeas/BlinkListAndIdeas.tsx": {"path":"/home/sowmyg/blinklist/src/Organisms/Footer/BlinklistAndIdeas/BlinkListAndIdeas.tsx","statementMap":{"0":{"start":{"line":5,"column":16},"end":{"line":26,"column":2}},"1":{"start":{"line":29,"column":55},"end":{"line":51,"column":1}},"2":{"start":{"line":31,"column":18},"end":{"line":31,"column":29}},"3":{"start":{"line":32,"column":4},"end":{"line":50,"column":6}}},"fnMap":{"0":{"name":"(anonymous_0)","decl":{"start":{"line":29,"column":55},"end":{"line":29,"column":56}},"loc":{"start":{"line":30,"column":0},"end":{"line":51,"column":1}},"line":30}},"branchMap":{},"s":{"0":1,"1":1,"2":0,"3":0},"f":{"0":0},"b":{},"_coverageSchema":"1a1c01bbd47fc00a2c39e90264f33305004495a9","hash":"99bb624d8bef0bc54166b37d85344dd949989445"}
,"/home/sowmyg/blinklist/src/Organisms/Footer/Company/Company.tsx": {"path":"/home/sowmyg/blinklist/src/Organisms/Footer/Company/Company.tsx","statementMap":{"0":{"start":{"line":4,"column":16},"end":{"line":36,"column":2}},"1":{"start":{"line":38,"column":47},"end":{"line":91,"column":1}},"2":{"start":{"line":40,"column":18},"end":{"line":40,"column":29}},"3":{"start":{"line":41,"column":5},"end":{"line":90,"column":7}}},"fnMap":{"0":{"name":"(anonymous_0)","decl":{"start":{"line":38,"column":47},"end":{"line":38,"column":48}},"loc":{"start":{"line":39,"column":0},"end":{"line":91,"column":1}},"line":39}},"branchMap":{},"s":{"0":1,"1":1,"2":0,"3":0},"f":{"0":0},"b":{},"_coverageSchema":"1a1c01bbd47fc00a2c39e90264f33305004495a9","hash":"29c1d85a43da6a45dcf7fe21305e85a2ab7cd2a6"}
,"/home/sowmyg/blinklist/src/Organisms/Footer/Footer_Editorial/Editorial.tsx": {"path":"/home/sowmyg/blinklist/src/Organisms/Footer/Footer_Editorial/Editorial.tsx","statementMap":{"0":{"start":{"line":4,"column":16},"end":{"line":36,"column":2}},"1":{"start":{"line":38,"column":49},"end":{"line":93,"column":1}},"2":{"start":{"line":40,"column":18},"end":{"line":40,"column":29}},"3":{"start":{"line":41,"column":5},"end":{"line":92,"column":7}}},"fnMap":{"0":{"name":"(anonymous_0)","decl":{"start":{"line":38,"column":49},"end":{"line":38,"column":50}},"loc":{"start":{"line":39,"column":0},"end":{"line":93,"column":1}},"line":39}},"branchMap":{},"s":{"0":1,"1":1,"2":0,"3":0},"f":{"0":0},"b":{},"_coverageSchema":"1a1c01bbd47fc00a2c39e90264f33305004495a9","hash":"9c1d2ced4d5bbeab113069efdbdf890154efa066"}
,"/home/sowmyg/blinklist/src/Organisms/Footer/Sitemap/Sitemap.tsx": {"path":"/home/sowmyg/blinklist/src/Organisms/Footer/Sitemap/Sitemap.tsx","statementMap":{"0":{"start":{"line":5,"column":16},"end":{"line":23,"column":2}},"1":{"start":{"line":25,"column":47},"end":{"line":40,"column":1}},"2":{"start":{"line":27,"column":18},"end":{"line":27,"column":29}},"3":{"start":{"line":29,"column":4},"end":{"line":39,"column":6}}},"fnMap":{"0":{"name":"(anonymous_0)","decl":{"start":{"line":25,"column":47},"end":{"line":25,"column":48}},"loc":{"start":{"line":26,"column":0},"end":{"line":40,"column":1}},"line":26}},"branchMap":{},"s":{"0":1,"1":1,"2":0,"3":0},"f":{"0":0},"b":{},"_coverageSchema":"1a1c01bbd47fc00a2c39e90264f33305004495a9","hash":"7869dddbaab59ef965d9a5f99ffbfd3200f5388f"}
,"/home/sowmyg/blinklist/src/Organisms/Footer/UsefulLinks/UsefulLinks.tsx": {"path":"/home/sowmyg/blinklist/src/Organisms/Footer/UsefulLinks/UsefulLinks.tsx","statementMap":{"0":{"start":{"line":4,"column":16},"end":{"line":36,"column":2}},"1":{"start":{"line":38,"column":51},"end":{"line":99,"column":1}},"2":{"start":{"line":40,"column":18},"end":{"line":40,"column":29}},"3":{"start":{"line":41,"column":5},"end":{"line":98,"column":7}}},"fnMap":{"0":{"name":"(anonymous_0)","decl":{"start":{"line":38,"column":51},"end":{"line":38,"column":52}},"loc":{"start":{"line":39,"column":0},"end":{"line":99,"column":1}},"line":39}},"branchMap":{},"s":{"0":1,"1":1,"2":0,"3":0},"f":{"0":0},"b":{},"_coverageSchema":"1a1c01bbd47fc00a2c39e90264f33305004495a9","hash":"cfcbe295dde34001df9d33bf64c93eef95c0dbc8"}
,"/home/sowmyg/blinklist/src/Organisms/GridOfBooks/CurrentlyReading.tsx": {"path":"/home/sowmyg/blinklist/src/Organisms/GridOfBooks/CurrentlyReading.tsx","statementMap":{"0":{"start":{"line":2,"column":9},"end":{"line":11,"column":3}},"1":{"start":{"line":13,"column":21},"end":{"line":13,"column":35}},"2":{"start":{"line":14,"column":23},"end":{"line":14,"column":54}}},"fnMap":{},"branchMap":{},"s":{"0":5,"1":5,"2":5},"f":{},"b":{},"_coverageSchema":"1a1c01bbd47fc00a2c39e90264f33305004495a9","hash":"655989d6198b137553a62fba317f29f94634c16c"}
,"/home/sowmyg/blinklist/src/Organisms/GridOfBooks/FinishedReading.tsx": {"path":"/home/sowmyg/blinklist/src/Organisms/GridOfBooks/FinishedReading.tsx","statementMap":{"0":{"start":{"line":1,"column":9},"end":{"line":2,"column":3}},"1":{"start":{"line":4,"column":22},"end":{"line":4,"column":36}},"2":{"start":{"line":5,"column":22},"end":{"line":5,"column":53}}},"fnMap":{},"branchMap":{},"s":{"0":4,"1":4,"2":4},"f":{},"b":{},"_coverageSchema":"1a1c01bbd47fc00a2c39e90264f33305004495a9","hash":"34b050a581a98e46664ca8df1cfa2502f206ba7f"}
,"/home/sowmyg/blinklist/src/Organisms/GridOfBooks/GridOfBooks.tsx": {"path":"/home/sowmyg/blinklist/src/Organisms/GridOfBooks/GridOfBooks.tsx","statementMap":{"0":{"start":{"line":11,"column":16},"end":{"line":19,"column":2}},"1":{"start":{"line":26,"column":49},"end":{"line":50,"column":1}},"2":{"start":{"line":29,"column":18},"end":{"line":29,"column":29}},"3":{"start":{"line":30,"column":27},"end":{"line":30,"column":38}},"4":{"start":{"line":34,"column":4},"end":{"line":49,"column":6}},"5":{"start":{"line":39,"column":60},"end":{"line":39,"column":124}},"6":{"start":{"line":39,"column":239},"end":{"line":43,"column":15}},"7":{"start":{"line":41,"column":82},"end":{"line":41,"column":99}}},"fnMap":{"0":{"name":"(anonymous_0)","decl":{"start":{"line":26,"column":49},"end":{"line":26,"column":50}},"loc":{"start":{"line":27,"column":0},"end":{"line":50,"column":1}},"line":27},"1":{"name":"(anonymous_1)","decl":{"start":{"line":39,"column":33},"end":{"line":39,"column":34}},"loc":{"start":{"line":39,"column":60},"end":{"line":39,"column":124}},"line":39},"2":{"name":"(anonymous_2)","decl":{"start":{"line":39,"column":130},"end":{"line":39,"column":131}},"loc":{"start":{"line":39,"column":239},"end":{"line":43,"column":15}},"line":39},"3":{"name":"(anonymous_3)","decl":{"start":{"line":41,"column":78},"end":{"line":41,"column":79}},"loc":{"start":{"line":41,"column":82},"end":{"line":41,"column":99}},"line":41}},"branchMap":{},"s":{"0":2,"1":2,"2":0,"3":0,"4":0,"5":0,"6":0,"7":0},"f":{"0":0,"1":0,"2":0,"3":0},"b":{},"_coverageSchema":"1a1c01bbd47fc00a2c39e90264f33305004495a9","hash":"b7f897f4b5c1de7ae98948b2c288fc8a9e596ac5"}
,"/home/sowmyg/blinklist/src/Organisms/GridOfBooks/GridOfFinishedBooks.tsx": {"path":"/home/sowmyg/blinklist/src/Organisms/GridOfBooks/GridOfFinishedBooks.tsx","statementMap":{"0":{"start":{"line":12,"column":16},"end":{"line":20,"column":2}},"1":{"start":{"line":24,"column":57},"end":{"line":48,"column":1}},"2":{"start":{"line":27,"column":18},"end":{"line":27,"column":29}},"3":{"start":{"line":28,"column":27},"end":{"line":28,"column":38}},"4":{"start":{"line":30,"column":4},"end":{"line":47,"column":6}},"5":{"start":{"line":36,"column":59},"end":{"line":36,"column":123}},"6":{"start":{"line":36,"column":237},"end":{"line":39,"column":15}},"7":{"start":{"line":38,"column":86},"end":{"line":38,"column":103}}},"fnMap":{"0":{"name":"(anonymous_0)","decl":{"start":{"line":24,"column":57},"end":{"line":24,"column":58}},"loc":{"start":{"line":25,"column":0},"end":{"line":48,"column":1}},"line":25},"1":{"name":"(anonymous_1)","decl":{"start":{"line":36,"column":32},"end":{"line":36,"column":33}},"loc":{"start":{"line":36,"column":59},"end":{"line":36,"column":123}},"line":36},"2":{"name":"(anonymous_2)","decl":{"start":{"line":36,"column":129},"end":{"line":36,"column":130}},"loc":{"start":{"line":36,"column":237},"end":{"line":39,"column":15}},"line":36},"3":{"name":"(anonymous_3)","decl":{"start":{"line":38,"column":82},"end":{"line":38,"column":83}},"loc":{"start":{"line":38,"column":86},"end":{"line":38,"column":103}},"line":38}},"branchMap":{},"s":{"0":2,"1":2,"2":0,"3":0,"4":0,"5":0,"6":0,"7":0},"f":{"0":0,"1":0,"2":0,"3":0},"b":{},"_coverageSchema":"1a1c01bbd47fc00a2c39e90264f33305004495a9","hash":"581ba15ada6944e829efcaae6d9b4a8914157506"}
,"/home/sowmyg/blinklist/src/Organisms/TrendingBlinks/FeaturedAudioBlinksdata.tsx": {"path":"/home/sowmyg/blinklist/src/Organisms/TrendingBlinks/FeaturedAudioBlinksdata.tsx","statementMap":{"0":{"start":{"line":3,"column":15},"end":{"line":6,"column":3}},"1":{"start":{"line":8,"column":21},"end":{"line":8,"column":41}},"2":{"start":{"line":9,"column":30},"end":{"line":9,"column":53}}},"fnMap":{},"branchMap":{},"s":{"0":1,"1":1,"2":1},"f":{},"b":{},"_coverageSchema":"1a1c01bbd47fc00a2c39e90264f33305004495a9","hash":"3b89fabe10cb75801724def553b43a9d9cc17ed5"}
,"/home/sowmyg/blinklist/src/Organisms/TrendingBlinks/JustAddeddata.tsx": {"path":"/home/sowmyg/blinklist/src/Organisms/TrendingBlinks/JustAddeddata.tsx","statementMap":{"0":{"start":{"line":2,"column":11},"end":{"line":7,"column":3}},"1":{"start":{"line":9,"column":16},"end":{"line":9,"column":32}},"2":{"start":{"line":10,"column":20},"end":{"line":10,"column":34}}},"fnMap":{},"branchMap":{},"s":{"0":1,"1":1,"2":1},"f":{},"b":{},"_coverageSchema":"1a1c01bbd47fc00a2c39e90264f33305004495a9","hash":"511d1e0feb8205dbcbb3af3f87dc2d217161ab2b"}
,"/home/sowmyg/blinklist/src/Organisms/TrendingBlinks/TrendingBlinks.tsx": {"path":"/home/sowmyg/blinklist/src/Organisms/TrendingBlinks/TrendingBlinks.tsx","statementMap":{"0":{"start":{"line":14,"column":16},"end":{"line":39,"column":2}},"1":{"start":{"line":53,"column":45},"end":{"line":130,"column":1}},"2":{"start":{"line":56,"column":18},"end":{"line":56,"column":29}},"3":{"start":{"line":57,"column":39},"end":{"line":57,"column":51}},"4":{"start":{"line":59,"column":4},"end":{"line":129,"column":6}},"5":{"start":{"line":64,"column":76},"end":{"line":64,"column":109}},"6":{"start":{"line":83,"column":49},"end":{"line":83,"column":107}},"7":{"start":{"line":83,"column":136},"end":{"line":89,"column":15}},"8":{"start":{"line":102,"column":44},"end":{"line":102,"column":102}},"9":{"start":{"line":102,"column":130},"end":{"line":106,"column":15}},"10":{"start":{"line":118,"column":54},"end":{"line":118,"column":112}},"11":{"start":{"line":118,"column":140},"end":{"line":122,"column":15}}},"fnMap":{"0":{"name":"(anonymous_0)","decl":{"start":{"line":53,"column":45},"end":{"line":53,"column":46}},"loc":{"start":{"line":54,"column":0},"end":{"line":130,"column":1}},"line":54},"1":{"name":"(anonymous_1)","decl":{"start":{"line":64,"column":67},"end":{"line":64,"column":68}},"loc":{"start":{"line":64,"column":76},"end":{"line":64,"column":109}},"line":64},"2":{"name":"(anonymous_2)","decl":{"start":{"line":83,"column":35},"end":{"line":83,"column":36}},"loc":{"start":{"line":83,"column":49},"end":{"line":83,"column":107}},"line":83},"3":{"name":"(anonymous_3)","decl":{"start":{"line":83,"column":113},"end":{"line":83,"column":114}},"loc":{"start":{"line":83,"column":136},"end":{"line":89,"column":15}},"line":83},"4":{"name":"(anonymous_4)","decl":{"start":{"line":102,"column":30},"end":{"line":102,"column":31}},"loc":{"start":{"line":102,"column":44},"end":{"line":102,"column":102}},"line":102},"5":{"name":"(anonymous_5)","decl":{"start":{"line":102,"column":108},"end":{"line":102,"column":109}},"loc":{"start":{"line":102,"column":130},"end":{"line":106,"column":15}},"line":102},"6":{"name":"(anonymous_6)","decl":{"start":{"line":118,"column":40},"end":{"line":118,"column":41}},"loc":{"start":{"line":118,"column":54},"end":{"line":118,"column":112}},"line":118},"7":{"name":"(anonymous_7)","decl":{"start":{"line":118,"column":118},"end":{"line":118,"column":119}},"loc":{"start":{"line":118,"column":140},"end":{"line":122,"column":15}},"line":118}},"branchMap":{},"s":{"0":1,"1":1,"2":0,"3":0,"4":0,"5":0,"6":0,"7":0,"8":0,"9":0,"10":0,"11":0},"f":{"0":0,"1":0,"2":0,"3":0,"4":0,"5":0,"6":0,"7":0},"b":{},"_coverageSchema":"1a1c01bbd47fc00a2c39e90264f33305004495a9","hash":"43183051b328eaeadc038a7a4a829130445f4fa1"}
,"/home/sowmyg/blinklist/src/Organisms/TrendingBlinks/TrendingBlinksdata.tsx": {"path":"/home/sowmyg/blinklist/src/Organisms/TrendingBlinks/TrendingBlinksdata.tsx","statementMap":{"0":{"start":{"line":2,"column":15},"end":{"line":8,"column":3}},"1":{"start":{"line":10,"column":21},"end":{"line":10,"column":41}},"2":{"start":{"line":11,"column":25},"end":{"line":11,"column":48}}},"fnMap":{},"branchMap":{},"s":{"0":1,"1":1,"2":1},"f":{},"b":{},"_coverageSchema":"1a1c01bbd47fc00a2c39e90264f33305004495a9","hash":"71b5886f92444ed3ae5bd05fbdcccb881b30d552"}
}
